This file contains any messages produced by compilers while
running configure, to aid debugging if configure makes a mistake.

It was created by capture configure 0.1, which was
generated by GNU Autoconf 2.69.  Invocation command line was

  $ ./configure --host=arm-linux-gnueabihf

## --------- ##
## Platform. ##
## --------- ##

hostname = optimusprime
uname -m = x86_64
uname -r = 4.4.0-93-generic
uname -s = Linux
uname -v = #116-Ubuntu SMP Fri Aug 11 21:17:51 UTC 2017

/usr/bin/uname -p = unknown
/bin/uname -X     = unknown

/bin/arch              = unknown
/usr/bin/arch -k       = unknown
/usr/convex/getsysinfo = unknown
/usr/bin/hostinfo      = unknown
/bin/machine           = unknown
/usr/bin/oslevel       = unknown
/bin/universe          = unknown

PATH: /usr/local/sbin
PATH: /usr/local/bin
PATH: /usr/sbin
PATH: /usr/bin
PATH: /sbin
PATH: /bin
PATH: /usr/games
PATH: /usr/local/games
PATH: /snap/bin
PATH: /snap/bin


## ----------- ##
## Core tests. ##
## ----------- ##

configure:2313: checking for a BSD-compatible install
configure:2381: result: /usr/bin/install -c
configure:2392: checking whether build environment is sane
configure:2447: result: yes
configure:2506: checking for arm-linux-gnueabihf-strip
configure:2522: found /usr/bin/arm-linux-gnueabihf-strip
configure:2533: result: arm-linux-gnueabihf-strip
configure:2598: checking for a thread-safe mkdir -p
configure:2637: result: /bin/mkdir -p
configure:2644: checking for gawk
configure:2674: result: no
configure:2644: checking for mawk
configure:2660: found /usr/bin/mawk
configure:2671: result: mawk
configure:2682: checking whether make sets $(MAKE)
configure:2704: result: yes
configure:2733: checking whether make supports nested variables
configure:2750: result: yes
configure:2882: checking for arm-linux-gnueabihf-ranlib
configure:2898: found /usr/bin/arm-linux-gnueabihf-ranlib
configure:2909: result: arm-linux-gnueabihf-ranlib
configure:2982: checking for arm-linux-gnueabihf-gcc
configure:2998: found /usr/bin/arm-linux-gnueabihf-gcc
configure:3009: result: arm-linux-gnueabihf-gcc
configure:3084: checking for C compiler version
configure:3093: arm-linux-gnueabihf-gcc --version >&5
arm-linux-gnueabihf-gcc (Ubuntu/Linaro 5.4.0-6ubuntu1~16.04.4) 5.4.0 20160609
Copyright (C) 2015 Free Software Foundation, Inc.
This is free software; see the source for copying conditions.  There is NO
warranty; not even for MERCHANTABILITY or FITNESS FOR A PARTICULAR PURPOSE.

configure:3104: $? = 0
configure:3093: arm-linux-gnueabihf-gcc -v >&5
Using built-in specs.
COLLECT_GCC=arm-linux-gnueabihf-gcc
COLLECT_LTO_WRAPPER=/usr/lib/gcc-cross/arm-linux-gnueabihf/5/lto-wrapper
Target: arm-linux-gnueabihf
Configured with: ../src/configure -v --with-pkgversion='Ubuntu/Linaro 5.4.0-6ubuntu1~16.04.4' --with-bugurl=file:///usr/share/doc/gcc-5/README.Bugs --enable-languages=c,ada,c++,java,go,d,fortran,objc,obj-c++ --prefix=/usr --program-suffix=-5 --enable-shared --enable-linker-build-id --libexecdir=/usr/lib --without-included-gettext --enable-threads=posix --libdir=/usr/lib --enable-nls --with-sysroot=/ --enable-clocale=gnu --enable-libstdcxx-debug --enable-libstdcxx-time=yes --with-default-libstdcxx-abi=new --enable-gnu-unique-object --disable-libitm --disable-libquadmath --enable-plugin --with-system-zlib --disable-browser-plugin --enable-java-awt=gtk --enable-gtk-cairo --with-java-home=/usr/lib/jvm/java-1.5.0-gcj-5-armhf-cross/jre --enable-java-home --with-jvm-root-dir=/usr/lib/jvm/java-1.5.0-gcj-5-armhf-cross --with-jvm-jar-dir=/usr/lib/jvm-exports/java-1.5.0-gcj-5-armhf-cross --with-arch-directory=arm --with-ecj-jar=/usr/share/java/eclipse-ecj.jar --disable-libgcj --enable-objc-gc --enable-multiarch --enable-multilib --disable-sjlj-exceptions --with-arch=armv7-a --with-fpu=vfpv3-d16 --with-float=hard --with-mode=thumb --disable-werror --enable-multilib --enable-checking=release --build=x86_64-linux-gnu --host=x86_64-linux-gnu --target=arm-linux-gnueabihf --program-prefix=arm-linux-gnueabihf- --includedir=/usr/arm-linux-gnueabihf/include
Thread model: posix
gcc version 5.4.0 20160609 (Ubuntu/Linaro 5.4.0-6ubuntu1~16.04.4) 
configure:3104: $? = 0
configure:3093: arm-linux-gnueabihf-gcc -V >&5
arm-linux-gnueabihf-gcc: error: unrecognized command line option '-V'
arm-linux-gnueabihf-gcc: fatal error: no input files
compilation terminated.
configure:3104: $? = 1
configure:3093: arm-linux-gnueabihf-gcc -qversion >&5
arm-linux-gnueabihf-gcc: error: unrecognized command line option '-qversion'
arm-linux-gnueabihf-gcc: fatal error: no input files
compilation terminated.
configure:3104: $? = 1
configure:3124: checking whether the C compiler works
configure:3146: arm-linux-gnueabihf-gcc    conftest.c  >&5
configure:3150: $? = 0
configure:3198: result: yes
configure:3201: checking for C compiler default output file name
configure:3203: result: a.out
configure:3209: checking for suffix of executables
configure:3216: arm-linux-gnueabihf-gcc -o conftest    conftest.c  >&5
configure:3220: $? = 0
configure:3242: result: 
configure:3264: checking whether we are cross compiling
configure:3272: arm-linux-gnueabihf-gcc -o conftest    conftest.c  >&5
configure:3276: $? = 0
configure:3283: ./conftest
./configure: line 3285: ./conftest: cannot execute binary file: Exec format error
configure:3287: $? = 126
configure:3302: result: yes
configure:3307: checking for suffix of object files
configure:3329: arm-linux-gnueabihf-gcc -c   conftest.c >&5
configure:3333: $? = 0
configure:3354: result: o
configure:3358: checking whether we are using the GNU C compiler
configure:3377: arm-linux-gnueabihf-gcc -c   conftest.c >&5
configure:3377: $? = 0
configure:3386: result: yes
configure:3395: checking whether arm-linux-gnueabihf-gcc accepts -g
configure:3415: arm-linux-gnueabihf-gcc -c -g  conftest.c >&5
configure:3415: $? = 0
configure:3456: result: yes
configure:3473: checking for arm-linux-gnueabihf-gcc option to accept ISO C89
configure:3536: arm-linux-gnueabihf-gcc  -c -g -O2  conftest.c >&5
configure:3536: $? = 0
configure:3549: result: none needed
configure:3574: checking whether arm-linux-gnueabihf-gcc understands -c and -o together
configure:3596: arm-linux-gnueabihf-gcc -c conftest.c -o conftest2.o
configure:3599: $? = 0
configure:3596: arm-linux-gnueabihf-gcc -c conftest.c -o conftest2.o
configure:3599: $? = 0
configure:3611: result: yes
configure:3639: checking for style of include used by make
configure:3667: result: GNU
configure:3693: checking dependency style of arm-linux-gnueabihf-gcc
configure:3804: result: gcc3
configure:3831: checking how to run the C preprocessor
configure:3862: arm-linux-gnueabihf-gcc -E  conftest.c
configure:3862: $? = 0
configure:3876: arm-linux-gnueabihf-gcc -E  conftest.c
conftest.c:11:28: fatal error: ac_nonexistent.h: No such file or directory
compilation terminated.
configure:3876: $? = 1
configure: failed program was:
| /* confdefs.h */
| #define PACKAGE_NAME "capture"
| #define PACKAGE_TARNAME "capture"
| #define PACKAGE_VERSION "0.1"
| #define PACKAGE_STRING "capture 0.1"
| #define PACKAGE_BUGREPORT "adipudi.medical@gmail.com"
| #define PACKAGE_URL ""
| #define PACKAGE "capture"
| #define VERSION "0.1"
| /* end confdefs.h.  */
| #include <ac_nonexistent.h>
configure:3901: result: arm-linux-gnueabihf-gcc -E
configure:3921: arm-linux-gnueabihf-gcc -E  conftest.c
configure:3921: $? = 0
configure:3935: arm-linux-gnueabihf-gcc -E  conftest.c
conftest.c:11:28: fatal error: ac_nonexistent.h: No such file or directory
compilation terminated.
configure:3935: $? = 1
configure: failed program was:
| /* confdefs.h */
| #define PACKAGE_NAME "capture"
| #define PACKAGE_TARNAME "capture"
| #define PACKAGE_VERSION "0.1"
| #define PACKAGE_STRING "capture 0.1"
| #define PACKAGE_BUGREPORT "adipudi.medical@gmail.com"
| #define PACKAGE_URL ""
| #define PACKAGE "capture"
| #define VERSION "0.1"
| /* end confdefs.h.  */
| #include <ac_nonexistent.h>
configure:3964: checking for grep that handles long lines and -e
configure:4022: result: /bin/grep
configure:4027: checking for egrep
configure:4089: result: /bin/grep -E
configure:4094: checking for ANSI C header files
configure:4114: arm-linux-gnueabihf-gcc -c -g -O2 -Wall -g  conftest.c >&5
configure:4114: $? = 0
configure:4198: result: yes
configure:4211: checking for sys/types.h
configure:4211: arm-linux-gnueabihf-gcc -c -g -O2 -Wall -g  conftest.c >&5
configure:4211: $? = 0
configure:4211: result: yes
configure:4211: checking for sys/stat.h
configure:4211: arm-linux-gnueabihf-gcc -c -g -O2 -Wall -g  conftest.c >&5
configure:4211: $? = 0
configure:4211: result: yes
configure:4211: checking for stdlib.h
configure:4211: arm-linux-gnueabihf-gcc -c -g -O2 -Wall -g  conftest.c >&5
configure:4211: $? = 0
configure:4211: result: yes
configure:4211: checking for string.h
configure:4211: arm-linux-gnueabihf-gcc -c -g -O2 -Wall -g  conftest.c >&5
configure:4211: $? = 0
configure:4211: result: yes
configure:4211: checking for memory.h
configure:4211: arm-linux-gnueabihf-gcc -c -g -O2 -Wall -g  conftest.c >&5
configure:4211: $? = 0
configure:4211: result: yes
configure:4211: checking for strings.h
configure:4211: arm-linux-gnueabihf-gcc -c -g -O2 -Wall -g  conftest.c >&5
configure:4211: $? = 0
configure:4211: result: yes
configure:4211: checking for inttypes.h
configure:4211: arm-linux-gnueabihf-gcc -c -g -O2 -Wall -g  conftest.c >&5
configure:4211: $? = 0
configure:4211: result: yes
configure:4211: checking for stdint.h
configure:4211: arm-linux-gnueabihf-gcc -c -g -O2 -Wall -g  conftest.c >&5
configure:4211: $? = 0
configure:4211: result: yes
configure:4211: checking for unistd.h
configure:4211: arm-linux-gnueabihf-gcc -c -g -O2 -Wall -g  conftest.c >&5
configure:4211: $? = 0
configure:4211: result: yes
configure:4226: checking fcntl.h usability
configure:4226: arm-linux-gnueabihf-gcc -c -g -O2 -Wall -g  conftest.c >&5
configure:4226: $? = 0
configure:4226: result: yes
configure:4226: checking fcntl.h presence
configure:4226: arm-linux-gnueabihf-gcc -E  conftest.c
configure:4226: $? = 0
configure:4226: result: yes
configure:4226: checking for fcntl.h
configure:4226: result: yes
configure:4226: checking for stdint.h
configure:4226: result: yes
configure:4226: checking for stdlib.h
configure:4226: result: yes
configure:4226: checking for string.h
configure:4226: result: yes
configure:4226: checking for unistd.h
configure:4226: result: yes
configure:4238: checking for off_t
configure:4238: arm-linux-gnueabihf-gcc -c -g -O2 -Wall -g  conftest.c >&5
configure:4238: $? = 0
configure:4238: arm-linux-gnueabihf-gcc -c -g -O2 -Wall -g  conftest.c >&5
conftest.c: In function 'main':
conftest.c:62:20: error: expected expression before ')' token
 if (sizeof ((off_t)))
                    ^
configure:4238: $? = 1
configure: failed program was:
| /* confdefs.h */
| #define PACKAGE_NAME "capture"
| #define PACKAGE_TARNAME "capture"
| #define PACKAGE_VERSION "0.1"
| #define PACKAGE_STRING "capture 0.1"
| #define PACKAGE_BUGREPORT "adipudi.medical@gmail.com"
| #define PACKAGE_URL ""
| #define PACKAGE "capture"
| #define VERSION "0.1"
| #define STDC_HEADERS 1
| #define HAVE_SYS_TYPES_H 1
| #define HAVE_SYS_STAT_H 1
| #define HAVE_STDLIB_H 1
| #define HAVE_STRING_H 1
| #define HAVE_MEMORY_H 1
| #define HAVE_STRINGS_H 1
| #define HAVE_INTTYPES_H 1
| #define HAVE_STDINT_H 1
| #define HAVE_UNISTD_H 1
| #define HAVE_FCNTL_H 1
| #define HAVE_STDINT_H 1
| #define HAVE_STDLIB_H 1
| #define HAVE_STRING_H 1
| #define HAVE_UNISTD_H 1
| /* end confdefs.h.  */
| #include <stdio.h>
| #ifdef HAVE_SYS_TYPES_H
| # include <sys/types.h>
| #endif
| #ifdef HAVE_SYS_STAT_H
| # include <sys/stat.h>
| #endif
| #ifdef STDC_HEADERS
| # include <stdlib.h>
| # include <stddef.h>
| #else
| # ifdef HAVE_STDLIB_H
| #  include <stdlib.h>
| # endif
| #endif
| #ifdef HAVE_STRING_H
| # if !defined STDC_HEADERS && defined HAVE_MEMORY_H
| #  include <memory.h>
| # endif
| # include <string.h>
| #endif
| #ifdef HAVE_STRINGS_H
| # include <strings.h>
| #endif
| #ifdef HAVE_INTTYPES_H
| # include <inttypes.h>
| #endif
| #ifdef HAVE_STDINT_H
| # include <stdint.h>
| #endif
| #ifdef HAVE_UNISTD_H
| # include <unistd.h>
| #endif
| int
| main ()
| {
| if (sizeof ((off_t)))
| 	    return 0;
|   ;
|   return 0;
| }
configure:4238: result: yes
configure:4249: checking for size_t
configure:4249: arm-linux-gnueabihf-gcc -c -g -O2 -Wall -g  conftest.c >&5
configure:4249: $? = 0
configure:4249: arm-linux-gnueabihf-gcc -c -g -O2 -Wall -g  conftest.c >&5
conftest.c: In function 'main':
conftest.c:62:21: error: expected expression before ')' token
 if (sizeof ((size_t)))
                     ^
configure:4249: $? = 1
configure: failed program was:
| /* confdefs.h */
| #define PACKAGE_NAME "capture"
| #define PACKAGE_TARNAME "capture"
| #define PACKAGE_VERSION "0.1"
| #define PACKAGE_STRING "capture 0.1"
| #define PACKAGE_BUGREPORT "adipudi.medical@gmail.com"
| #define PACKAGE_URL ""
| #define PACKAGE "capture"
| #define VERSION "0.1"
| #define STDC_HEADERS 1
| #define HAVE_SYS_TYPES_H 1
| #define HAVE_SYS_STAT_H 1
| #define HAVE_STDLIB_H 1
| #define HAVE_STRING_H 1
| #define HAVE_MEMORY_H 1
| #define HAVE_STRINGS_H 1
| #define HAVE_INTTYPES_H 1
| #define HAVE_STDINT_H 1
| #define HAVE_UNISTD_H 1
| #define HAVE_FCNTL_H 1
| #define HAVE_STDINT_H 1
| #define HAVE_STDLIB_H 1
| #define HAVE_STRING_H 1
| #define HAVE_UNISTD_H 1
| /* end confdefs.h.  */
| #include <stdio.h>
| #ifdef HAVE_SYS_TYPES_H
| # include <sys/types.h>
| #endif
| #ifdef HAVE_SYS_STAT_H
| # include <sys/stat.h>
| #endif
| #ifdef STDC_HEADERS
| # include <stdlib.h>
| # include <stddef.h>
| #else
| # ifdef HAVE_STDLIB_H
| #  include <stdlib.h>
| # endif
| #endif
| #ifdef HAVE_STRING_H
| # if !defined STDC_HEADERS && defined HAVE_MEMORY_H
| #  include <memory.h>
| # endif
| # include <string.h>
| #endif
| #ifdef HAVE_STRINGS_H
| # include <strings.h>
| #endif
| #ifdef HAVE_INTTYPES_H
| # include <inttypes.h>
| #endif
| #ifdef HAVE_STDINT_H
| # include <stdint.h>
| #endif
| #ifdef HAVE_UNISTD_H
| # include <unistd.h>
| #endif
| int
| main ()
| {
| if (sizeof ((size_t)))
| 	    return 0;
|   ;
|   return 0;
| }
configure:4249: result: yes
configure:4260: checking for uint16_t
configure:4260: arm-linux-gnueabihf-gcc -c -g -O2 -Wall -g  conftest.c >&5
configure:4260: $? = 0
configure:4260: result: yes
configure:4272: checking for uint32_t
configure:4272: arm-linux-gnueabihf-gcc -c -g -O2 -Wall -g  conftest.c >&5
configure:4272: $? = 0
configure:4272: result: yes
configure:4286: checking for uint64_t
configure:4286: arm-linux-gnueabihf-gcc -c -g -O2 -Wall -g  conftest.c >&5
configure:4286: $? = 0
configure:4286: result: yes
configure:4300: checking for uint8_t
configure:4300: arm-linux-gnueabihf-gcc -c -g -O2 -Wall -g  conftest.c >&5
configure:4300: $? = 0
configure:4300: result: yes
configure:4322: checking for stdlib.h
configure:4322: result: yes
configure:4322: checking for unistd.h
configure:4322: result: yes
configure:4322: checking for sys/param.h
configure:4322: arm-linux-gnueabihf-gcc -c -g -O2 -Wall -g  conftest.c >&5
configure:4322: $? = 0
configure:4322: result: yes
configure:4342: checking for getpagesize
configure:4342: arm-linux-gnueabihf-gcc -o conftest -g -O2 -Wall -g   conftest.c  >&5
configure:4342: $? = 0
configure:4342: result: yes
configure:4351: checking for working mmap
configure:4508: result: no
configure:4520: checking for munmap
configure:4520: arm-linux-gnueabihf-gcc -o conftest -g -O2 -Wall -g   conftest.c  >&5
configure:4520: $? = 0
configure:4520: result: yes
configure:4520: checking for strerror
configure:4520: arm-linux-gnueabihf-gcc -o conftest -g -O2 -Wall -g   conftest.c  >&5
configure:4520: $? = 0
configure:4520: result: yes
configure:4640: checking that generated files are newer than configure
configure:4646: result: done
configure:4669: creating ./config.status

## ---------------------- ##
## Running config.status. ##
## ---------------------- ##

This file was extended by capture config.status 0.1, which was
generated by GNU Autoconf 2.69.  Invocation command line was

  CONFIG_FILES    = 
  CONFIG_HEADERS  = 
  CONFIG_LINKS    = 
  CONFIG_COMMANDS = 
  $ ./config.status 

on optimusprime

config.status:866: creating Makefile
config.status:866: creating Application/Makefile
config.status:866: creating config.h
config.status:1047: config.h is unchanged
config.status:1095: executing depfiles commands

## ---------------- ##
## Cache variables. ##
## ---------------- ##

ac_cv_c_compiler_gnu=yes
ac_cv_c_uint16_t=yes
ac_cv_c_uint32_t=yes
ac_cv_c_uint64_t=yes
ac_cv_c_uint8_t=yes
ac_cv_env_CC_set=
ac_cv_env_CC_value=
ac_cv_env_CFLAGS_set=
ac_cv_env_CFLAGS_value=
ac_cv_env_CPPFLAGS_set=
ac_cv_env_CPPFLAGS_value=
ac_cv_env_CPP_set=
ac_cv_env_CPP_value=
ac_cv_env_LDFLAGS_set=
ac_cv_env_LDFLAGS_value=
ac_cv_env_LIBS_set=
ac_cv_env_LIBS_value=
ac_cv_env_build_alias_set=
ac_cv_env_build_alias_value=
ac_cv_env_host_alias_set=set
ac_cv_env_host_alias_value=arm-linux-gnueabihf
ac_cv_env_target_alias_set=
ac_cv_env_target_alias_value=
ac_cv_func_getpagesize=yes
ac_cv_func_mmap_fixed_mapped=no
ac_cv_func_munmap=yes
ac_cv_func_strerror=yes
ac_cv_header_fcntl_h=yes
ac_cv_header_inttypes_h=yes
ac_cv_header_memory_h=yes
ac_cv_header_stdc=yes
ac_cv_header_stdint_h=yes
ac_cv_header_stdlib_h=yes
ac_cv_header_string_h=yes
ac_cv_header_strings_h=yes
ac_cv_header_sys_param_h=yes
ac_cv_header_sys_stat_h=yes
ac_cv_header_sys_types_h=yes
ac_cv_header_unistd_h=yes
ac_cv_objext=o
ac_cv_path_EGREP='/bin/grep -E'
ac_cv_path_GREP=/bin/grep
ac_cv_path_install='/usr/bin/install -c'
ac_cv_path_mkdir=/bin/mkdir
ac_cv_prog_AWK=mawk
ac_cv_prog_CC=arm-linux-gnueabihf-gcc
ac_cv_prog_CPP='arm-linux-gnueabihf-gcc -E'
ac_cv_prog_RANLIB=arm-linux-gnueabihf-ranlib
ac_cv_prog_STRIP=arm-linux-gnueabihf-strip
ac_cv_prog_cc_c89=
ac_cv_prog_cc_g=yes
ac_cv_prog_make_make_set=yes
ac_cv_type_off_t=yes
ac_cv_type_size_t=yes
am_cv_CC_dependencies_compiler_type=gcc3
am_cv_make_support_nested_variables=yes
am_cv_prog_cc_c_o=yes

## ----------------- ##
## Output variables. ##
## ----------------- ##

ACLOCAL='${SHELL} /home/optimusprime/Projects/Monitor/Capture_PI/missing aclocal-1.15'
AMDEPBACKSLASH='\'
AMDEP_FALSE='#'
AMDEP_TRUE=''
AMTAR='$${TAR-tar}'
AM_BACKSLASH='\'
AM_DEFAULT_V='$(AM_DEFAULT_VERBOSITY)'
AM_DEFAULT_VERBOSITY='1'
AM_V='$(V)'
AUTOCONF='${SHELL} /home/optimusprime/Projects/Monitor/Capture_PI/missing autoconf'
AUTOHEADER='${SHELL} /home/optimusprime/Projects/Monitor/Capture_PI/missing autoheader'
AUTOMAKE='${SHELL} /home/optimusprime/Projects/Monitor/Capture_PI/missing automake-1.15'
AWK='mawk'
CC='arm-linux-gnueabihf-gcc'
CCDEPMODE='depmode=gcc3'
CFLAGS='-g -O2 -Wall -g'
CPP='arm-linux-gnueabihf-gcc -E'
CPPFLAGS=''
CYGPATH_W='echo'
DEFS='-DHAVE_CONFIG_H'
DEPDIR='.deps'
ECHO_C=''
ECHO_N='-n'
ECHO_T=''
EGREP='/bin/grep -E'
EXEEXT=''
GREP='/bin/grep'
INSTALL_DATA='${INSTALL} -m 644'
INSTALL_PROGRAM='${INSTALL}'
INSTALL_SCRIPT='${INSTALL}'
INSTALL_STRIP_PROGRAM='$(install_sh) -c -s'
LDFLAGS=''
LIBOBJS=''
LIBS=''
LTLIBOBJS=''
MAKEINFO='${SHELL} /home/optimusprime/Projects/Monitor/Capture_PI/missing makeinfo'
MKDIR_P='/bin/mkdir -p'
OBJEXT='o'
PACKAGE='capture'
PACKAGE_BUGREPORT='adipudi.medical@gmail.com'
PACKAGE_NAME='capture'
PACKAGE_STRING='capture 0.1'
PACKAGE_TARNAME='capture'
PACKAGE_URL=''
PACKAGE_VERSION='0.1'
PATH_SEPARATOR=':'
RANLIB='arm-linux-gnueabihf-ranlib'
SET_MAKE=''
SHELL='/bin/bash'
STRIP='arm-linux-gnueabihf-strip'
VERSION='0.1'
ac_ct_CC=''
am__EXEEXT_FALSE=''
am__EXEEXT_TRUE='#'
am__fastdepCC_FALSE='#'
am__fastdepCC_TRUE=''
am__include='include'
am__isrc=''
am__leading_dot='.'
am__nodep='_no'
am__quote=''
am__tar='$${TAR-tar} chof - "$$tardir"'
am__untar='$${TAR-tar} xf -'
bindir='${exec_prefix}/bin'
build_alias=''
datadir='${datarootdir}'
datarootdir='${prefix}/share'
docdir='${datarootdir}/doc/${PACKAGE_TARNAME}'
dvidir='${docdir}'
exec_prefix='${prefix}'
host_alias='arm-linux-gnueabihf'
htmldir='${docdir}'
includedir='${prefix}/include'
infodir='${datarootdir}/info'
install_sh='${SHELL} /home/optimusprime/Projects/Monitor/Capture_PI/install-sh'
libdir='${exec_prefix}/lib'
libexecdir='${exec_prefix}/libexec'
localedir='${datarootdir}/locale'
localstatedir='${prefix}/var'
mandir='${datarootdir}/man'
mkdir_p='$(MKDIR_P)'
oldincludedir='/usr/include'
pdfdir='${docdir}'
prefix='/usr/local'
program_transform_name='s,x,x,'
psdir='${docdir}'
runstatedir='${localstatedir}/run'
sbindir='${exec_prefix}/sbin'
sharedstatedir='${prefix}/com'
sysconfdir='${prefix}/etc'
target_alias=''

## ----------- ##
## confdefs.h. ##
## ----------- ##

/* confdefs.h */
#define PACKAGE_NAME "capture"
#define PACKAGE_TARNAME "capture"
#define PACKAGE_VERSION "0.1"
#define PACKAGE_STRING "capture 0.1"
#define PACKAGE_BUGREPORT "adipudi.medical@gmail.com"
#define PACKAGE_URL ""
#define PACKAGE "capture"
#define VERSION "0.1"
#define STDC_HEADERS 1
#define HAVE_SYS_TYPES_H 1
#define HAVE_SYS_STAT_H 1
#define HAVE_STDLIB_H 1
#define HAVE_STRING_H 1
#define HAVE_MEMORY_H 1
#define HAVE_STRINGS_H 1
#define HAVE_INTTYPES_H 1
#define HAVE_STDINT_H 1
#define HAVE_UNISTD_H 1
#define HAVE_FCNTL_H 1
#define HAVE_STDINT_H 1
#define HAVE_STDLIB_H 1
#define HAVE_STRING_H 1
#define HAVE_UNISTD_H 1
#define HAVE_STDLIB_H 1
#define HAVE_UNISTD_H 1
#define HAVE_SYS_PARAM_H 1
#define HAVE_GETPAGESIZE 1
#define HAVE_MUNMAP 1
#define HAVE_STRERROR 1

configure: exit 0

## ---------------------- ##
## Running config.status. ##
## ---------------------- ##

This file was extended by capture config.status 0.1, which was
generated by GNU Autoconf 2.69.  Invocation command line was

  CONFIG_FILES    = 
  CONFIG_HEADERS  = 
  CONFIG_LINKS    = 
  CONFIG_COMMANDS = 
  $ ./config.status config.h

on optimusprime

config.status:866: creating config.h
config.status:1047: config.h is unchanged
